Using pre-set license
Built from '2021.3/staging' branch; Version is '2021.3.11f1 (0a5ca18544bf) revision 679073'; Using compiler version '192829333'; Build Type 'Release'
OS: 'Windows 11  (10.0.22621) 64bit Core' Language: 'en' Physical Memory: 7896 MB
BatchMode: 1, IsHumanControllingUs: 0, StartBugReporterOnCrash: 0, Is64bit: 1, IsPro: 1

COMMAND LINE ARGUMENTS:
C:\Program Files\Unity\Hub\Editor\2021.3.11f1\Editor\Unity.exe
-adb2
-batchMode
-noUpm
-name
AssetImportWorker0
-projectPath
C:/Users/cnmar/OneDrive/Documents/Cleo-Red-Belt/CT - Ripoff_Angry-Birds
-logFile
Logs/AssetImportWorker0.log
-srvPort
55854
Successfully changed project path to: C:/Users/cnmar/OneDrive/Documents/Cleo-Red-Belt/CT - Ripoff_Angry-Birds
C:/Users/cnmar/OneDrive/Documents/Cleo-Red-Belt/CT - Ripoff_Angry-Birds
[UnityMemory] Configuration Parameters - Can be set up in boot.config
    "memorysetup-bucket-allocator-granularity=16"
    "memorysetup-bucket-allocator-bucket-count=8"
    "memorysetup-bucket-allocator-block-size=33554432"
    "memorysetup-bucket-allocator-block-count=8"
    "memorysetup-main-allocator-block-size=16777216"
    "memorysetup-thread-allocator-block-size=16777216"
    "memorysetup-gfx-main-allocator-block-size=16777216"
    "memorysetup-gfx-thread-allocator-block-size=16777216"
    "memorysetup-cache-allocator-block-size=4194304"
    "memorysetup-typetree-allocator-block-size=2097152"
    "memorysetup-profiler-bucket-allocator-granularity=16"
    "memorysetup-profiler-bucket-allocator-bucket-count=8"
    "memorysetup-profiler-bucket-allocator-block-size=33554432"
    "memorysetup-profiler-bucket-allocator-block-count=8"
    "memorysetup-profiler-allocator-block-size=16777216"
    "memorysetup-profiler-editor-allocator-block-size=1048576"
    "memorysetup-temp-allocator-size-main=16777216"
    "memorysetup-job-temp-allocator-block-size=2097152"
    "memorysetup-job-temp-allocator-block-size-background=1048576"
    "memorysetup-job-temp-allocator-reduction-small-platforms=262144"
    "memorysetup-temp-allocator-size-background-worker=32768"
    "memorysetup-temp-allocator-size-job-worker=262144"
    "memorysetup-temp-allocator-size-preload-manager=33554432"
    "memorysetup-temp-allocator-size-nav-mesh-worker=65536"
    "memorysetup-temp-allocator-size-audio-worker=65536"
    "memorysetup-temp-allocator-size-cloud-worker=32768"
    "memorysetup-temp-allocator-size-gi-baking-worker=262144"
    "memorysetup-temp-allocator-size-gfx=262144"
Refreshing native plugins compatible for Editor in 65.08 ms, found 3 plugins.
Preloading 0 native plugins for Editor in 0.00 ms.
Initialize engine version: 2021.3.11f1 (0a5ca18544bf)
[Subsystems] Discovering subsystems at path C:/Program Files/Unity/Hub/Editor/2021.3.11f1/Editor/Data/Resources/UnitySubsystems
[Subsystems] Discovering subsystems at path C:/Users/cnmar/OneDrive/Documents/Cleo-Red-Belt/CT - Ripoff_Angry-Birds/Assets
GfxDevice: creating device client; threaded=0; jobified=0
Direct3D:
    Version:  Direct3D 11.0 [level 11.1]
    Renderer: NVIDIA GeForce RTX 3050 Laptop GPU (ID=0x25a2)
    Vendor:   NVIDIA
    VRAM:     3991 MB
    Driver:   30.0.15.1274
Initialize mono
Mono path[0] = 'C:/Program Files/Unity/Hub/Editor/2021.3.11f1/Editor/Data/Managed'
Mono path[1] = 'C:/Program Files/Unity/Hub/Editor/2021.3.11f1/Editor/Data/MonoBleedingEdge/lib/mono/unityjit-win32'
Mono config path = 'C:/Program Files/Unity/Hub/Editor/2021.3.11f1/Editor/Data/MonoBleedingEdge/etc'
Using monoOptions --debugger-agent=transport=dt_socket,embedding=1,server=y,suspend=n,address=127.0.0.1:56140
Begin MonoManager ReloadAssembly
Registering precompiled unity dll's ...
Register platform support module: C:/Program Files/Unity/Hub/Editor/2021.3.11f1/Editor/Data/PlaybackEngines/WebGLSupport/UnityEditor.WebGL.Extensions.dll
Register platform support module: C:/Program Files/Unity/Hub/Editor/2021.3.11f1/Editor/Data/PlaybackEngines/AndroidPlayer/UnityEditor.Android.Extensions.dll
Register platform support module: C:/Program Files/Unity/Hub/Editor/2021.3.11f1/Editor/Data/PlaybackEngines/WindowsStandaloneSupport/UnityEditor.WindowsStandalone.Extensions.dll
Register platform support module: C:/Program Files/Unity/Hub/Editor/2021.3.11f1/Editor/Data/PlaybackEngines/MetroSupport/UnityEditor.UWP.Extensions.dll
Registered in 0.008699 seconds.
Native extension for UWP target not found
Native extension for WindowsStandalone target not found
Native extension for Android target not found
Native extension for WebGL target not found
Refreshing native plugins compatible for Editor in 50.10 ms, found 3 plugins.
Preloading 0 native plugins for Editor in 0.00 ms.
Mono: successfully reloaded assembly
- Completed reload, in  0.517 seconds
Domain Reload Profiling:
	ReloadAssembly (518ms)
		BeginReloadAssembly (95ms)
			ExecutionOrderSort (0ms)
			DisableScriptedObjects (0ms)
			BackupInstance (0ms)
			ReleaseScriptingObjects (0ms)
			CreateAndSetChildDomain (1ms)
		EndReloadAssembly (342ms)
			LoadAssemblies (95ms)
			RebuildTransferFunctionScriptingTraits (0ms)
			SetupTypeCache (76ms)
			ReleaseScriptCaches (0ms)
			RebuildScriptCaches (18ms)
			SetupLoadedEditorAssemblies (210ms)
				LogAssemblyErrors (0ms)
				InitializePlatformSupportModulesInManaged (44ms)
				SetLoadedEditorAssemblies (0ms)
				RefreshPlugins (50ms)
				BeforeProcessingInitializeOnLoad (1ms)
				ProcessInitializeOnLoadAttributes (65ms)
				ProcessInitializeOnLoadMethodAttributes (50ms)
				AfterProcessingInitializeOnLoad (0ms)
				EditorAssembliesLoaded (0ms)
			ExecutionOrderSort2 (0ms)
			AwakeInstancesAfterBackupRestoration (0ms)
Platform modules already initialized, skipping
Registering precompiled user dll's ...
Registered in 0.013929 seconds.
Begin MonoManager ReloadAssembly
Symbol file LoadedFromMemory doesn't match image C:\Users\cnmar\OneDrive\Documents\Cleo-Red-Belt\CT - Ripoff_Angry-Birds\Library\PackageCache\com.unity.visualscripting@1.7.8\Editor\VisualScripting.Core\Dependencies\YamlDotNet\Unity.VisualScripting.YamlDotNet.dll
Symbol file LoadedFromMemory doesn't match image C:\Users\cnmar\OneDrive\Documents\Cleo-Red-Belt\CT - Ripoff_Angry-Birds\Library\PackageCache\com.unity.visualscripting@1.7.8\Editor\VisualScripting.Core\Dependencies\DotNetZip\Unity.VisualScripting.IonicZip.dll
Native extension for UWP target not found
Native extension for WindowsStandalone target not found
Native extension for Android target not found
Native extension for WebGL target not found
Refreshing native plugins compatible for Editor in 0.41 ms, found 3 plugins.
Preloading 0 native plugins for Editor in 0.00 ms.
Mono: successfully reloaded assembly
- Completed reload, in  0.927 seconds
Domain Reload Profiling:
	ReloadAssembly (928ms)
		BeginReloadAssembly (225ms)
			ExecutionOrderSort (0ms)
			DisableScriptedObjects (4ms)
			BackupInstance (0ms)
			ReleaseScriptingObjects (0ms)
			CreateAndSetChildDomain (126ms)
		EndReloadAssembly (614ms)
			LoadAssemblies (134ms)
			RebuildTransferFunctionScriptingTraits (0ms)
			SetupTypeCache (197ms)
			ReleaseScriptCaches (0ms)
			RebuildScriptCaches (34ms)
			SetupLoadedEditorAssemblies (257ms)
				LogAssemblyErrors (0ms)
				InitializePlatformSupportModulesInManaged (11ms)
				SetLoadedEditorAssemblies (0ms)
				RefreshPlugins (0ms)
				BeforeProcessingInitializeOnLoad (58ms)
				ProcessInitializeOnLoadAttributes (163ms)
				ProcessInitializeOnLoadMethodAttributes (21ms)
				AfterProcessingInitializeOnLoad (4ms)
				EditorAssembliesLoaded (0ms)
			ExecutionOrderSort2 (0ms)
			AwakeInstancesAfterBackupRestoration (4ms)
Platform modules already initialized, skipping
========================================================================
Worker process is ready to serve import requests
Launched and connected shader compiler UnityShaderCompiler.exe after 0.06 seconds
Refreshing native plugins compatible for Editor in 0.45 ms, found 3 plugins.
Preloading 0 native plugins for Editor in 0.00 ms.
Unloading 3380 Unused Serialized files (Serialized files now loaded: 0)
Unloading 27 unused Assets / (113.4 KB). Loaded Objects now: 3839.
Memory consumption went from 116.2 MB to 116.1 MB.
Total: 3.141200 ms (FindLiveObjects: 0.294500 ms CreateObjectMapping: 0.094700 ms MarkObjects: 2.604900 ms  DeleteObjects: 0.145500 ms)

AssetImportParameters requested are different than current active one (requested -> active):
  custom:video-decoder-ogg-theora: a1e56fd34408186e4bbccfd4996cb3dc -> 
  custom:container-muxer-webm: aa71ff27fc2769a1b78a27578f13a17b -> 
  custom:container-demuxer-webm: 4f35f7cbe854078d1ac9338744f61a02 -> 
  custom:video-encoder-webm-vp8: eb34c28f22e8b96e1ab97ce403110664 -> 
  custom:audio-encoder-webm-vorbis: bf7c407c2cedff20999df2af8eb42d56 -> 
  custom:framework-win-MediaFoundation: 216162199b28c13a410421893ffa2e32 -> 
  custom:container-demuxer-ogg: 62fdf1f143b41e24485cea50d1cbac27 -> 
  custom:video-decoder-webm-vp8: 9c59270c3fd7afecdb556c50c9e8de78 -> 
  custom:audio-decoder-ogg-vorbis: bf7c407c2cedff20999df2af8eb42d56 -> 
========================================================================
Received Import Request.
  Time since last request: 774936.088048 seconds.
  path: Assets/Scenes/Sulky Slime.unity
  artifactKey: Guid(9fc0d4010bbf28b4594072e72b8655ab) Importer(815301076,1909f56bfc062723c751e8b465ee728b)
Start importing Assets/Scenes/Sulky Slime.unity using Guid(9fc0d4010bbf28b4594072e72b8655ab) Importer(815301076,1909f56bfc062723c751e8b465ee728b)  -> (artifact id: '427cc448472bdbdcd963b1dcf17d7cc0') in 0.036523 seconds 
========================================================================
Received Prepare
Registering precompiled user dll's ...
Registered in 0.003436 seconds.
Begin MonoManager ReloadAssembly
Symbol file LoadedFromMemory doesn't match image C:\Users\cnmar\OneDrive\Documents\Cleo-Red-Belt\CT - Ripoff_Angry-Birds\Library\PackageCache\com.unity.visualscripting@1.7.8\Editor\VisualScripting.Core\Dependencies\YamlDotNet\Unity.VisualScripting.YamlDotNet.dll
Symbol file LoadedFromMemory doesn't match image C:\Users\cnmar\OneDrive\Documents\Cleo-Red-Belt\CT - Ripoff_Angry-Birds\Library\PackageCache\com.unity.visualscripting@1.7.8\Editor\VisualScripting.Core\Dependencies\DotNetZip\Unity.VisualScripting.IonicZip.dll
Native extension for UWP target not found
Native extension for WindowsStandalone target not found
Native extension for Android target not found
Native extension for WebGL target not found
Refreshing native plugins compatible for Editor in 0.43 ms, found 3 plugins.
Preloading 0 native plugins for Editor in 0.00 ms.
Mono: successfully reloaded assembly
- Completed reload, in  0.840 seconds
Domain Reload Profiling:
	ReloadAssembly (841ms)
		BeginReloadAssembly (175ms)
			ExecutionOrderSort (0ms)
			DisableScriptedObjects (5ms)
			BackupInstance (0ms)
			ReleaseScriptingObjects (0ms)
			CreateAndSetChildDomain (60ms)
		EndReloadAssembly (589ms)
			LoadAssemblies (97ms)
			RebuildTransferFunctionScriptingTraits (0ms)
			SetupTypeCache (213ms)
			ReleaseScriptCaches (1ms)
			RebuildScriptCaches (26ms)
			SetupLoadedEditorAssemblies (249ms)
				LogAssemblyErrors (0ms)
				InitializePlatformSupportModulesInManaged (19ms)
				SetLoadedEditorAssemblies (0ms)
				RefreshPlugins (0ms)
				BeforeProcessingInitializeOnLoad (43ms)
				ProcessInitializeOnLoadAttributes (160ms)
				ProcessInitializeOnLoadMethodAttributes (23ms)
				AfterProcessingInitializeOnLoad (4ms)
				EditorAssembliesLoaded (0ms)
			ExecutionOrderSort2 (0ms)
			AwakeInstancesAfterBackupRestoration (5ms)
Platform modules already initialized, skipping
Refreshing native plugins compatible for Editor in 1.54 ms, found 3 plugins.
Preloading 0 native plugins for Editor in 0.00 ms.
Unloading 3535 Unused Serialized files (Serialized files now loaded: 0)
Unloading 22 unused Assets / (173.4 KB). Loaded Objects now: 4011.
Memory consumption went from 122.0 MB to 121.8 MB.
Total: 3.400700 ms (FindLiveObjects: 0.228500 ms CreateObjectMapping: 0.086300 ms MarkObjects: 2.970000 ms  DeleteObjects: 0.114300 ms)

AssetImportParameters requested are different than current active one (requested -> active):
  custom:video-decoder-ogg-theora: a1e56fd34408186e4bbccfd4996cb3dc -> 
  custom:container-muxer-webm: aa71ff27fc2769a1b78a27578f13a17b -> 
  custom:container-demuxer-webm: 4f35f7cbe854078d1ac9338744f61a02 -> 
  custom:video-encoder-webm-vp8: eb34c28f22e8b96e1ab97ce403110664 -> 
  custom:audio-encoder-webm-vorbis: bf7c407c2cedff20999df2af8eb42d56 -> 
  custom:framework-win-MediaFoundation: 216162199b28c13a410421893ffa2e32 -> 
  custom:container-demuxer-ogg: 62fdf1f143b41e24485cea50d1cbac27 -> 
  custom:video-decoder-webm-vp8: 9c59270c3fd7afecdb556c50c9e8de78 -> 
  custom:audio-decoder-ogg-vorbis: bf7c407c2cedff20999df2af8eb42d56 -> 
========================================================================
Received Import Request.
  Time since last request: 614.480821 seconds.
  path: Packages/com.unity.cinemachine/package.json
  artifactKey: Guid(7d93e7b7399fbe64790358e67fc94b18) Importer(815301076,1909f56bfc062723c751e8b465ee728b)
Start importing Packages/com.unity.cinemachine/package.json using Guid(7d93e7b7399fbe64790358e67fc94b18) Importer(815301076,1909f56bfc062723c751e8b465ee728b)  -> (artifact id: 'ea4f23e0e764e8e32e742984a0d26132') in 0.075474 seconds 
========================================================================
Received Import Request.
  Time since last request: 4.049782 seconds.
  path: Packages/com.unity.cinemachine/Tests
  artifactKey: Guid(5315d0eff1f534d4ea38a117af7d2faa) Importer(815301076,1909f56bfc062723c751e8b465ee728b)
Start importing Packages/com.unity.cinemachine/Tests using Guid(5315d0eff1f534d4ea38a117af7d2faa) Importer(815301076,1909f56bfc062723c751e8b465ee728b)  -> (artifact id: '238fcedb296e7a4ee1418f912dccd34a') in 0.016971 seconds 
========================================================================
Received Import Request.
  Time since last request: 1.294672 seconds.
  path: Packages/com.unity.cinemachine/Tests/Editor
  artifactKey: Guid(6e777018b430d974e998e37835f8da69) Importer(815301076,1909f56bfc062723c751e8b465ee728b)
Start importing Packages/com.unity.cinemachine/Tests/Editor using Guid(6e777018b430d974e998e37835f8da69) Importer(815301076,1909f56bfc062723c751e8b465ee728b)  -> (artifact id: 'c1823c1114c45700c2ebfb756dcbdfed') in 0.021296 seconds 
========================================================================
Received Import Request.
  Time since last request: 0.022064 seconds.
  path: Packages/com.unity.cinemachine/Tests/Editor/com.unity.cinemachine.EditorTests.asmdef
  artifactKey: Guid(d5ada0dcd11a06049936072bb3b3ed73) Importer(815301076,1909f56bfc062723c751e8b465ee728b)
Start importing Packages/com.unity.cinemachine/Tests/Editor/com.unity.cinemachine.EditorTests.asmdef using Guid(d5ada0dcd11a06049936072bb3b3ed73) Importer(815301076,1909f56bfc062723c751e8b465ee728b)  -> (artifact id: 'bbd03f17a4b378f4b700ee6f566be2ce') in 0.019502 seconds 
========================================================================
Received Import Request.
  Time since last request: 4.475300 seconds.
  path: Packages/com.unity.cinemachine/Tests/Runtime
  artifactKey: Guid(8bc4fc3f7edf4174fa4f4877f6aa4e2f) Importer(815301076,1909f56bfc062723c751e8b465ee728b)
Start importing Packages/com.unity.cinemachine/Tests/Runtime using Guid(8bc4fc3f7edf4174fa4f4877f6aa4e2f) Importer(815301076,1909f56bfc062723c751e8b465ee728b)  -> (artifact id: '6bb366971fcf861e0fba9c30af7c3a36') in 0.035436 seconds 
========================================================================
Received Import Request.
  Time since last request: 0.029005 seconds.
  path: Packages/com.unity.cinemachine/Tests/Runtime/com.unity.cinemachine.Tests.asmdef
  artifactKey: Guid(8ba1cf4afa640804e94ba034367104ab) Importer(815301076,1909f56bfc062723c751e8b465ee728b)
Start importing Packages/com.unity.cinemachine/Tests/Runtime/com.unity.cinemachine.Tests.asmdef using Guid(8ba1cf4afa640804e94ba034367104ab) Importer(815301076,1909f56bfc062723c751e8b465ee728b)  -> (artifact id: '1e959e0c4c6c5d3cea34f88817385f6f') in 0.028918 seconds 
========================================================================
Received Import Request.
  Time since last request: 3.406501 seconds.
  path: Packages/com.unity.cinemachine/Gizmos/cm_logo.png
  artifactKey: Guid(b8ba3923a6094cd48b85425f47fd7450) Importer(815301076,1909f56bfc062723c751e8b465ee728b)
Start importing Packages/com.unity.cinemachine/Gizmos/cm_logo.png using Guid(b8ba3923a6094cd48b85425f47fd7450) Importer(815301076,1909f56bfc062723c751e8b465ee728b)  -> (artifact id: '7166b7589b571ece66d8f5c3b72a7d9f') in 0.109614 seconds 
========================================================================
Received Import Request.
  Time since last request: 13.947670 seconds.
  path: Packages/com.unity.cinemachine/Editor
  artifactKey: Guid(d8623b6a09cb5ab4ea2c51347a3a074c) Importer(815301076,1909f56bfc062723c751e8b465ee728b)
Start importing Packages/com.unity.cinemachine/Editor using Guid(d8623b6a09cb5ab4ea2c51347a3a074c) Importer(815301076,1909f56bfc062723c751e8b465ee728b)  -> (artifact id: '66a3e98f5f41e09a6a531721565c6ca0') in 0.003566 seconds 
========================================================================
Received Import Request.
  Time since last request: 0.366289 seconds.
  path: Packages/com.unity.cinemachine/Editor/com.unity.cinemachine.Editor.asmdef
  artifactKey: Guid(ba8c092d026123a418fb4bfb797a7bd8) Importer(815301076,1909f56bfc062723c751e8b465ee728b)
Start importing Packages/com.unity.cinemachine/Editor/com.unity.cinemachine.Editor.asmdef using Guid(ba8c092d026123a418fb4bfb797a7bd8) Importer(815301076,1909f56bfc062723c751e8b465ee728b)  -> (artifact id: 'c0de4fb4d4cf9bcfb73aaf45e0cf4d9a') in 0.024700 seconds 
========================================================================
Received Import Request.
  Time since last request: 4.371044 seconds.
  path: Packages/com.unity.cinemachine/Editor/Windows
  artifactKey: Guid(9c644b247df49ee47957d373411a85c3) Importer(815301076,1909f56bfc062723c751e8b465ee728b)
Start importing Packages/com.unity.cinemachine/Editor/Windows using Guid(9c644b247df49ee47957d373411a85c3) Importer(815301076,1909f56bfc062723c751e8b465ee728b)  -> (artifact id: '159580071365157d0c4a42a601fbebe6') in 0.022695 seconds 
========================================================================
Received Import Request.
  Time since last request: 102.233626 seconds.
  path: Assets/Samples/Cinemachine/2.8.9/Cinemachine Example Scenes
  artifactKey: Guid(fe5b74a6c4837854f84410614ccf37d2) Importer(815301076,1909f56bfc062723c751e8b465ee728b)
Start importing Assets/Samples/Cinemachine/2.8.9/Cinemachine Example Scenes using Guid(fe5b74a6c4837854f84410614ccf37d2) Importer(815301076,1909f56bfc062723c751e8b465ee728b)  -> (artifact id: '42734f142def039541f5d3763d510f54') in 0.020128 seconds 
========================================================================
Received Prepare
Registering precompiled user dll's ...
Registered in 0.004683 seconds.
Begin MonoManager ReloadAssembly
Symbol file LoadedFromMemory doesn't match image C:\Users\cnmar\OneDrive\Documents\Cleo-Red-Belt\CT - Ripoff_Angry-Birds\Library\PackageCache\com.unity.visualscripting@1.7.8\Editor\VisualScripting.Core\Dependencies\YamlDotNet\Unity.VisualScripting.YamlDotNet.dll
Symbol file LoadedFromMemory doesn't match image C:\Users\cnmar\OneDrive\Documents\Cleo-Red-Belt\CT - Ripoff_Angry-Birds\Library\PackageCache\com.unity.visualscripting@1.7.8\Editor\VisualScripting.Core\Dependencies\DotNetZip\Unity.VisualScripting.IonicZip.dll
Native extension for UWP target not found
Native extension for WindowsStandalone target not found
Native extension for Android target not found
Native extension for WebGL target not found
Refreshing native plugins compatible for Editor in 0.48 ms, found 3 plugins.
Preloading 0 native plugins for Editor in 0.00 ms.
Mono: successfully reloaded assembly
- Completed reload, in  0.910 seconds
Domain Reload Profiling:
	ReloadAssembly (911ms)
		BeginReloadAssembly (160ms)
			ExecutionOrderSort (0ms)
			DisableScriptedObjects (3ms)
			BackupInstance (0ms)
			ReleaseScriptingObjects (0ms)
			CreateAndSetChildDomain (57ms)
		EndReloadAssembly (635ms)
			LoadAssemblies (121ms)
			RebuildTransferFunctionScriptingTraits (0ms)
			SetupTypeCache (239ms)
			ReleaseScriptCaches (1ms)
			RebuildScriptCaches (28ms)
			SetupLoadedEditorAssemblies (246ms)
				LogAssemblyErrors (0ms)
				InitializePlatformSupportModulesInManaged (18ms)
				SetLoadedEditorAssemblies (0ms)
				RefreshPlugins (1ms)
				BeforeProcessingInitializeOnLoad (44ms)
				ProcessInitializeOnLoadAttributes (159ms)
				ProcessInitializeOnLoadMethodAttributes (20ms)
				AfterProcessingInitializeOnLoad (4ms)
				EditorAssembliesLoaded (0ms)
			ExecutionOrderSort2 (0ms)
			AwakeInstancesAfterBackupRestoration (4ms)
Platform modules already initialized, skipping
Refreshing native plugins compatible for Editor in 1.25 ms, found 3 plugins.
Preloading 0 native plugins for Editor in 0.00 ms.
Unloading 3568 Unused Serialized files (Serialized files now loaded: 0)
Unloading 24 unused Assets / (0.5 MB). Loaded Objects now: 4060.
Memory consumption went from 123.7 MB to 123.2 MB.
Total: 2.734000 ms (FindLiveObjects: 0.218700 ms CreateObjectMapping: 0.086900 ms MarkObjects: 2.174300 ms  DeleteObjects: 0.252100 ms)

AssetImportParameters requested are different than current active one (requested -> active):
  custom:video-decoder-ogg-theora: a1e56fd34408186e4bbccfd4996cb3dc -> 
  custom:container-muxer-webm: aa71ff27fc2769a1b78a27578f13a17b -> 
  custom:container-demuxer-webm: 4f35f7cbe854078d1ac9338744f61a02 -> 
  custom:video-encoder-webm-vp8: eb34c28f22e8b96e1ab97ce403110664 -> 
  custom:audio-encoder-webm-vorbis: bf7c407c2cedff20999df2af8eb42d56 -> 
  custom:framework-win-MediaFoundation: 216162199b28c13a410421893ffa2e32 -> 
  custom:container-demuxer-ogg: 62fdf1f143b41e24485cea50d1cbac27 -> 
  custom:video-decoder-webm-vp8: 9c59270c3fd7afecdb556c50c9e8de78 -> 
  custom:audio-decoder-ogg-vorbis: bf7c407c2cedff20999df2af8eb42d56 -> 
========================================================================
Received Import Request.
  Time since last request: 64.967035 seconds.
  path: Assets/Samples/Cinemachine/2.8.9
  artifactKey: Guid(962c38463fdd12b45aec6b6d7f6ca28b) Importer(815301076,1909f56bfc062723c751e8b465ee728b)
Start importing Assets/Samples/Cinemachine/2.8.9 using Guid(962c38463fdd12b45aec6b6d7f6ca28b) Importer(815301076,1909f56bfc062723c751e8b465ee728b)  -> (artifact id: '93ade518edb5af1694905c95e26b1403') in 0.033480 seconds 
========================================================================
Received Import Request.
  Time since last request: 1.739165 seconds.
  path: Assets/Samples/Cinemachine/2.8.9/Cinemachine Example Scenes/Scenes
  artifactKey: Guid(2fc3b640bf45545a3a0f72732b6c6f45) Importer(815301076,1909f56bfc062723c751e8b465ee728b)
Start importing Assets/Samples/Cinemachine/2.8.9/Cinemachine Example Scenes/Scenes using Guid(2fc3b640bf45545a3a0f72732b6c6f45) Importer(815301076,1909f56bfc062723c751e8b465ee728b)  -> (artifact id: 'cbde3a816547b59c2046e752ea502919') in 0.018531 seconds 
========================================================================
Received Import Request.
  Time since last request: 0.714328 seconds.
  path: Assets/Samples/Cinemachine/2.8.9/Cinemachine Example Scenes/Scenes/2D
  artifactKey: Guid(9a998ca2027cf8149adbaff0989b1856) Importer(815301076,1909f56bfc062723c751e8b465ee728b)
Start importing Assets/Samples/Cinemachine/2.8.9/Cinemachine Example Scenes/Scenes/2D using Guid(9a998ca2027cf8149adbaff0989b1856) Importer(815301076,1909f56bfc062723c751e8b465ee728b)  -> (artifact id: 'da616c01568e317005fe29e8a977eef1') in 0.028849 seconds 
========================================================================
Received Import Request.
  Time since last request: 0.886953 seconds.
  path: Assets/Samples/Cinemachine/2.8.9/Cinemachine Example Scenes/Scenes/2D/2D Fighters.unity
  artifactKey: Guid(879d480263d0a431b99a866e6d2e8342) Importer(815301076,1909f56bfc062723c751e8b465ee728b)
Start importing Assets/Samples/Cinemachine/2.8.9/Cinemachine Example Scenes/Scenes/2D/2D Fighters.unity using Guid(879d480263d0a431b99a866e6d2e8342) Importer(815301076,1909f56bfc062723c751e8b465ee728b)  -> (artifact id: 'b3aba5802ae04a64683c1422ffdda6cb') in 0.022969 seconds 
========================================================================
Received Prepare
Registering precompiled user dll's ...
Registered in 0.003445 seconds.
Begin MonoManager ReloadAssembly
Symbol file LoadedFromMemory doesn't match image C:\Users\cnmar\OneDrive\Documents\Cleo-Red-Belt\CT - Ripoff_Angry-Birds\Library\PackageCache\com.unity.visualscripting@1.7.8\Editor\VisualScripting.Core\Dependencies\YamlDotNet\Unity.VisualScripting.YamlDotNet.dll
Symbol file LoadedFromMemory doesn't match image C:\Users\cnmar\OneDrive\Documents\Cleo-Red-Belt\CT - Ripoff_Angry-Birds\Library\PackageCache\com.unity.visualscripting@1.7.8\Editor\VisualScripting.Core\Dependencies\DotNetZip\Unity.VisualScripting.IonicZip.dll
Native extension for UWP target not found
Native extension for WindowsStandalone target not found
Native extension for Android target not found
Native extension for WebGL target not found
Refreshing native plugins compatible for Editor in 0.44 ms, found 3 plugins.
Preloading 0 native plugins for Editor in 0.00 ms.
Mono: successfully reloaded assembly
- Completed reload, in  0.818 seconds
Domain Reload Profiling:
	ReloadAssembly (819ms)
		BeginReloadAssembly (107ms)
			ExecutionOrderSort (0ms)
			DisableScriptedObjects (3ms)
			BackupInstance (0ms)
			ReleaseScriptingObjects (0ms)
			CreateAndSetChildDomain (31ms)
		EndReloadAssembly (646ms)
			LoadAssemblies (68ms)
			RebuildTransferFunctionScriptingTraits (0ms)
			SetupTypeCache (174ms)
			ReleaseScriptCaches (1ms)
			RebuildScriptCaches (29ms)
			SetupLoadedEditorAssemblies (337ms)
				LogAssemblyErrors (0ms)
				InitializePlatformSupportModulesInManaged (18ms)
				SetLoadedEditorAssemblies (0ms)
				RefreshPlugins (0ms)
				BeforeProcessingInitializeOnLoad (43ms)
				ProcessInitializeOnLoadAttributes (232ms)
				ProcessInitializeOnLoadMethodAttributes (37ms)
				AfterProcessingInitializeOnLoad (6ms)
				EditorAssembliesLoaded (0ms)
			ExecutionOrderSort2 (0ms)
			AwakeInstancesAfterBackupRestoration (6ms)
Platform modules already initialized, skipping
Refreshing native plugins compatible for Editor in 2.65 ms, found 3 plugins.
Preloading 0 native plugins for Editor in 0.00 ms.
Unloading 3567 Unused Serialized files (Serialized files now loaded: 0)
Unloading 24 unused Assets / (493.1 KB). Loaded Objects now: 4075.
Memory consumption went from 123.6 MB to 123.1 MB.
Total: 4.070000 ms (FindLiveObjects: 0.504400 ms CreateObjectMapping: 0.125300 ms MarkObjects: 3.201900 ms  DeleteObjects: 0.233600 ms)

AssetImportParameters requested are different than current active one (requested -> active):
  custom:video-decoder-ogg-theora: a1e56fd34408186e4bbccfd4996cb3dc -> 
  custom:container-muxer-webm: aa71ff27fc2769a1b78a27578f13a17b -> 
  custom:container-demuxer-webm: 4f35f7cbe854078d1ac9338744f61a02 -> 
  custom:video-encoder-webm-vp8: eb34c28f22e8b96e1ab97ce403110664 -> 
  custom:audio-encoder-webm-vorbis: bf7c407c2cedff20999df2af8eb42d56 -> 
  custom:framework-win-MediaFoundation: 216162199b28c13a410421893ffa2e32 -> 
  custom:container-demuxer-ogg: 62fdf1f143b41e24485cea50d1cbac27 -> 
  custom:video-decoder-webm-vp8: 9c59270c3fd7afecdb556c50c9e8de78 -> 
  custom:audio-decoder-ogg-vorbis: bf7c407c2cedff20999df2af8eb42d56 -> 
========================================================================
Received Import Request.
  Time since last request: 35.230628 seconds.
  path: Assets/Samples/Cinemachine/2.8.9/Cinemachine Example Scenes/Scenes/2D/2D Zoom.unity
  artifactKey: Guid(c213658e6f9d94cc8a659682e6529958) Importer(815301076,1909f56bfc062723c751e8b465ee728b)
Start importing Assets/Samples/Cinemachine/2.8.9/Cinemachine Example Scenes/Scenes/2D/2D Zoom.unity using Guid(c213658e6f9d94cc8a659682e6529958) Importer(815301076,1909f56bfc062723c751e8b465ee728b)  -> (artifact id: '156121e0d69e753d823219dd7920046a') in 0.043557 seconds 
========================================================================
Received Prepare
Registering precompiled user dll's ...
Registered in 0.005639 seconds.
Begin MonoManager ReloadAssembly
Symbol file LoadedFromMemory doesn't match image C:\Users\cnmar\OneDrive\Documents\Cleo-Red-Belt\CT - Ripoff_Angry-Birds\Library\PackageCache\com.unity.visualscripting@1.7.8\Editor\VisualScripting.Core\Dependencies\YamlDotNet\Unity.VisualScripting.YamlDotNet.dll
Symbol file LoadedFromMemory doesn't match image C:\Users\cnmar\OneDrive\Documents\Cleo-Red-Belt\CT - Ripoff_Angry-Birds\Library\PackageCache\com.unity.visualscripting@1.7.8\Editor\VisualScripting.Core\Dependencies\DotNetZip\Unity.VisualScripting.IonicZip.dll
Native extension for UWP target not found
Native extension for WindowsStandalone target not found
Native extension for Android target not found
Native extension for WebGL target not found
Refreshing native plugins compatible for Editor in 1.30 ms, found 3 plugins.
Preloading 0 native plugins for Editor in 0.00 ms.
Mono: successfully reloaded assembly
- Completed reload, in  1.004 seconds
Domain Reload Profiling:
	ReloadAssembly (1004ms)
		BeginReloadAssembly (108ms)
			ExecutionOrderSort (0ms)
			DisableScriptedObjects (3ms)
			BackupInstance (0ms)
			ReleaseScriptingObjects (0ms)
			CreateAndSetChildDomain (35ms)
		EndReloadAssembly (825ms)
			LoadAssemblies (66ms)
			RebuildTransferFunctionScriptingTraits (0ms)
			SetupTypeCache (240ms)
			ReleaseScriptCaches (1ms)
			RebuildScriptCaches (46ms)
			SetupLoadedEditorAssemblies (412ms)
				LogAssemblyErrors (0ms)
				InitializePlatformSupportModulesInManaged (33ms)
				SetLoadedEditorAssemblies (1ms)
				RefreshPlugins (1ms)
				BeforeProcessingInitializeOnLoad (73ms)
				ProcessInitializeOnLoadAttributes (261ms)
				ProcessInitializeOnLoadMethodAttributes (38ms)
				AfterProcessingInitializeOnLoad (5ms)
				EditorAssembliesLoaded (0ms)
			ExecutionOrderSort2 (0ms)
			AwakeInstancesAfterBackupRestoration (6ms)
Platform modules already initialized, skipping
Refreshing native plugins compatible for Editor in 1.80 ms, found 3 plugins.
Preloading 0 native plugins for Editor in 0.00 ms.
Unloading 3567 Unused Serialized files (Serialized files now loaded: 0)
Unloading 24 unused Assets / (492.9 KB). Loaded Objects now: 4090.
Memory consumption went from 123.6 MB to 123.1 MB.
Total: 4.385600 ms (FindLiveObjects: 0.692700 ms CreateObjectMapping: 0.125800 ms MarkObjects: 3.270000 ms  DeleteObjects: 0.294900 ms)

AssetImportParameters requested are different than current active one (requested -> active):
  custom:video-decoder-ogg-theora: a1e56fd34408186e4bbccfd4996cb3dc -> 
  custom:container-muxer-webm: aa71ff27fc2769a1b78a27578f13a17b -> 
  custom:container-demuxer-webm: 4f35f7cbe854078d1ac9338744f61a02 -> 
  custom:video-encoder-webm-vp8: eb34c28f22e8b96e1ab97ce403110664 -> 
  custom:audio-encoder-webm-vorbis: bf7c407c2cedff20999df2af8eb42d56 -> 
  custom:framework-win-MediaFoundation: 216162199b28c13a410421893ffa2e32 -> 
  custom:container-demuxer-ogg: 62fdf1f143b41e24485cea50d1cbac27 -> 
  custom:video-decoder-webm-vp8: 9c59270c3fd7afecdb556c50c9e8de78 -> 
  custom:audio-decoder-ogg-vorbis: bf7c407c2cedff20999df2af8eb42d56 -> 
========================================================================
Received Import Request.
  Time since last request: 14.864698 seconds.
  path: Assets/Samples/Cinemachine/2.8.9/Cinemachine Example Scenes/Scenes/3rdPersonWithAimMode
  artifactKey: Guid(715218984bf02d1409296e9748fb61b0) Importer(815301076,1909f56bfc062723c751e8b465ee728b)
Start importing Assets/Samples/Cinemachine/2.8.9/Cinemachine Example Scenes/Scenes/3rdPersonWithAimMode using Guid(715218984bf02d1409296e9748fb61b0) Importer(815301076,1909f56bfc062723c751e8b465ee728b)  -> (artifact id: '53f82d7aa74c19811437c43c08597ad2') in 0.028056 seconds 
========================================================================
Received Import Request.
  Time since last request: 1.167272 seconds.
  path: Assets/Samples/Cinemachine/2.8.9/Cinemachine Example Scenes/Scenes/3rdPersonWithAimMode/3rdPersonWithAimMode.unity
  artifactKey: Guid(a04cf6ca22a95684e9283ab039f68c66) Importer(815301076,1909f56bfc062723c751e8b465ee728b)
Start importing Assets/Samples/Cinemachine/2.8.9/Cinemachine Example Scenes/Scenes/3rdPersonWithAimMode/3rdPersonWithAimMode.unity using Guid(a04cf6ca22a95684e9283ab039f68c66) Importer(815301076,1909f56bfc062723c751e8b465ee728b)  -> (artifact id: 'a43a0cc2453d32975d5df3ed569a804c') in 0.029215 seconds 
========================================================================
Received Prepare
Registering precompiled user dll's ...
Registered in 0.005407 seconds.
Begin MonoManager ReloadAssembly
Symbol file LoadedFromMemory doesn't match image C:\Users\cnmar\OneDrive\Documents\Cleo-Red-Belt\CT - Ripoff_Angry-Birds\Library\PackageCache\com.unity.visualscripting@1.7.8\Editor\VisualScripting.Core\Dependencies\YamlDotNet\Unity.VisualScripting.YamlDotNet.dll
Symbol file LoadedFromMemory doesn't match image C:\Users\cnmar\OneDrive\Documents\Cleo-Red-Belt\CT - Ripoff_Angry-Birds\Library\PackageCache\com.unity.visualscripting@1.7.8\Editor\VisualScripting.Core\Dependencies\DotNetZip\Unity.VisualScripting.IonicZip.dll
Native extension for UWP target not found
Native extension for WindowsStandalone target not found
Native extension for Android target not found
Native extension for WebGL target not found
Refreshing native plugins compatible for Editor in 0.96 ms, found 3 plugins.
Preloading 0 native plugins for Editor in 0.00 ms.
Mono: successfully reloaded assembly
- Completed reload, in  1.191 seconds
Domain Reload Profiling:
	ReloadAssembly (1192ms)
		BeginReloadAssembly (166ms)
			ExecutionOrderSort (0ms)
			DisableScriptedObjects (4ms)
			BackupInstance (0ms)
			ReleaseScriptingObjects (0ms)
			CreateAndSetChildDomain (61ms)
		EndReloadAssembly (939ms)
			LoadAssemblies (105ms)
			RebuildTransferFunctionScriptingTraits (0ms)
			SetupTypeCache (293ms)
			ReleaseScriptCaches (2ms)
			RebuildScriptCaches (62ms)
			SetupLoadedEditorAssemblies (433ms)
				LogAssemblyErrors (0ms)
				InitializePlatformSupportModulesInManaged (31ms)
				SetLoadedEditorAssemblies (1ms)
				RefreshPlugins (1ms)
				BeforeProcessingInitializeOnLoad (69ms)
				ProcessInitializeOnLoadAttributes (285ms)
				ProcessInitializeOnLoadMethodAttributes (41ms)
				AfterProcessingInitializeOnLoad (5ms)
				EditorAssembliesLoaded (0ms)
			ExecutionOrderSort2 (0ms)
			AwakeInstancesAfterBackupRestoration (7ms)
Platform modules already initialized, skipping
Refreshing native plugins compatible for Editor in 4.21 ms, found 3 plugins.
Preloading 0 native plugins for Editor in 0.00 ms.
Unloading 3567 Unused Serialized files (Serialized files now loaded: 0)
Unloading 24 unused Assets / (0.5 MB). Loaded Objects now: 4105.
Memory consumption went from 123.6 MB to 123.1 MB.
Total: 8.252100 ms (FindLiveObjects: 0.600300 ms CreateObjectMapping: 0.158200 ms MarkObjects: 6.302000 ms  DeleteObjects: 1.187700 ms)

AssetImportParameters requested are different than current active one (requested -> active):
  custom:video-decoder-ogg-theora: a1e56fd34408186e4bbccfd4996cb3dc -> 
  custom:container-muxer-webm: aa71ff27fc2769a1b78a27578f13a17b -> 
  custom:container-demuxer-webm: 4f35f7cbe854078d1ac9338744f61a02 -> 
  custom:video-encoder-webm-vp8: eb34c28f22e8b96e1ab97ce403110664 -> 
  custom:audio-encoder-webm-vorbis: bf7c407c2cedff20999df2af8eb42d56 -> 
  custom:framework-win-MediaFoundation: 216162199b28c13a410421893ffa2e32 -> 
  custom:container-demuxer-ogg: 62fdf1f143b41e24485cea50d1cbac27 -> 
  custom:video-decoder-webm-vp8: 9c59270c3fd7afecdb556c50c9e8de78 -> 
  custom:audio-decoder-ogg-vorbis: bf7c407c2cedff20999df2af8eb42d56 -> 
========================================================================
Received Import Request.
  Time since last request: 651.475135 seconds.
  path: Packages/com.unity.ext.nunit/package.json
  artifactKey: Guid(8143d3a8390f2c64685e3bc272bd9e90) Importer(815301076,1909f56bfc062723c751e8b465ee728b)
Start importing Packages/com.unity.ext.nunit/package.json using Guid(8143d3a8390f2c64685e3bc272bd9e90) Importer(815301076,1909f56bfc062723c751e8b465ee728b)  -> (artifact id: 'b40fc5629c4141466786b845dfe4fc31') in 0.340260 seconds 
========================================================================
Received Import Request.
  Time since last request: 4.827673 seconds.
  path: Packages/com.unity.testtools.codecoverage/package.json
  artifactKey: Guid(ba7d60725b0ec604698819352642be89) Importer(815301076,1909f56bfc062723c751e8b465ee728b)
Start importing Packages/com.unity.testtools.codecoverage/package.json using Guid(ba7d60725b0ec604698819352642be89) Importer(815301076,1909f56bfc062723c751e8b465ee728b)  -> (artifact id: 'bd2dd2fcfb070eff30dd06220f902a2a') in 0.013554 seconds 
========================================================================
Received Import Request.
  Time since last request: 3.224102 seconds.
  path: Assets/Planet Icons/Scenes
  artifactKey: Guid(a21ad1be285db4a718e0c949ca76109d) Importer(815301076,1909f56bfc062723c751e8b465ee728b)
Start importing Assets/Planet Icons/Scenes using Guid(a21ad1be285db4a718e0c949ca76109d) Importer(815301076,1909f56bfc062723c751e8b465ee728b)  -> (artifact id: '64c42e9cb315b0122fe51b54fe9c805b') in 0.019943 seconds 
========================================================================
Received Import Request.
  Time since last request: 0.678700 seconds.
  path: Assets/Planet Icons/Scenes/Planet Icons Overview.unity
  artifactKey: Guid(917aedf3c23b0486eac1db7d9f6b2cb7) Importer(815301076,1909f56bfc062723c751e8b465ee728b)
Start importing Assets/Planet Icons/Scenes/Planet Icons Overview.unity using Guid(917aedf3c23b0486eac1db7d9f6b2cb7) Importer(815301076,1909f56bfc062723c751e8b465ee728b)  -> (artifact id: 'eeb8a4c46bc319a0303410e8167b74e6') in 0.020021 seconds 
========================================================================
Received Import Request.
  Time since last request: 35.004926 seconds.
  path: Assets/Planet Icons/Sprites/Earth.png
  artifactKey: Guid(b4b4ae590b1a940258067f0f0d045a47) Importer(815301076,1909f56bfc062723c751e8b465ee728b)
Start importing Assets/Planet Icons/Sprites/Earth.png using Guid(b4b4ae590b1a940258067f0f0d045a47) Importer(815301076,1909f56bfc062723c751e8b465ee728b)  -> (artifact id: '2aef804389d5c6c7d42769af1e7b4389') in 0.266097 seconds 
========================================================================
Received Import Request.
  Time since last request: 0.000068 seconds.
  path: Assets/Planet Icons/Sprites/Mars.png
  artifactKey: Guid(c81326ef62be6450abefe864e123f52a) Importer(815301076,1909f56bfc062723c751e8b465ee728b)
Start importing Assets/Planet Icons/Sprites/Mars.png using Guid(c81326ef62be6450abefe864e123f52a) Importer(815301076,1909f56bfc062723c751e8b465ee728b)  -> (artifact id: '4d0b19ff707316307c713ff01433504c') in 0.091180 seconds 
========================================================================
Received Import Request.
  Time since last request: 0.000046 seconds.
  path: Assets/Planet Icons/Sprites/Mercury.png
  artifactKey: Guid(cb189738a369441bbbcbaf4a46e5403c) Importer(815301076,1909f56bfc062723c751e8b465ee728b)
Start importing Assets/Planet Icons/Sprites/Mercury.png using Guid(cb189738a369441bbbcbaf4a46e5403c) Importer(815301076,1909f56bfc062723c751e8b465ee728b)  -> (artifact id: 'bce502f0b76995faa41da81c8315faf2') in 0.090709 seconds 
========================================================================
Received Import Request.
  Time since last request: 0.000032 seconds.
  path: Assets/Planet Icons/Sprites/Neptune.png
  artifactKey: Guid(919e1ce08f5b1481dab6dac5d3fb2028) Importer(815301076,1909f56bfc062723c751e8b465ee728b)
Start importing Assets/Planet Icons/Sprites/Neptune.png using Guid(919e1ce08f5b1481dab6dac5d3fb2028) Importer(815301076,1909f56bfc062723c751e8b465ee728b)  -> (artifact id: '0ba13d75b8a9b31c2da94c6c49e91bc5') in 0.091541 seconds 
========================================================================
Received Import Request.
  Time since last request: 0.000027 seconds.
  path: Assets/Planet Icons/Sprites/Saturn_00.png
  artifactKey: Guid(4bc544adf0ed9468fa364b2fd3a2cbcc) Importer(815301076,1909f56bfc062723c751e8b465ee728b)
Start importing Assets/Planet Icons/Sprites/Saturn_00.png using Guid(4bc544adf0ed9468fa364b2fd3a2cbcc) Importer(815301076,1909f56bfc062723c751e8b465ee728b)  -> (artifact id: '417928fefcdd1ac07508104980051c5f') in 0.093842 seconds 
========================================================================
Received Import Request.
  Time since last request: 0.000027 seconds.
  path: Assets/Planet Icons/Sprites/Venus.png
  artifactKey: Guid(f0c0a0eaf6b414093837f6bd28743fcd) Importer(815301076,1909f56bfc062723c751e8b465ee728b)
Start importing Assets/Planet Icons/Sprites/Venus.png using Guid(f0c0a0eaf6b414093837f6bd28743fcd) Importer(815301076,1909f56bfc062723c751e8b465ee728b)  -> (artifact id: 'fbe47b68e1efc1232a084447c3bf5adb') in 0.088802 seconds 
========================================================================
Received Import Request.
  Time since last request: 0.000034 seconds.
  path: Assets/Planet Icons/Sprites/Saturn_01.png
  artifactKey: Guid(6f32185343a1b4d48a40991e1cd2afa6) Importer(815301076,1909f56bfc062723c751e8b465ee728b)
Start importing Assets/Planet Icons/Sprites/Saturn_01.png using Guid(6f32185343a1b4d48a40991e1cd2afa6) Importer(815301076,1909f56bfc062723c751e8b465ee728b)  -> (artifact id: 'c412ea6d78fc305f3f52ee411549fb93') in 0.089745 seconds 
========================================================================
Received Import Request.
  Time since last request: 0.000040 seconds.
  path: Assets/Planet Icons/Sprites/Uranus.png
  artifactKey: Guid(cd033d58ef3f94161819067ff839c97b) Importer(815301076,1909f56bfc062723c751e8b465ee728b)
Start importing Assets/Planet Icons/Sprites/Uranus.png using Guid(cd033d58ef3f94161819067ff839c97b) Importer(815301076,1909f56bfc062723c751e8b465ee728b)  -> (artifact id: 'aeb4bb61b60164f1163fa72476f26f3a') in 0.091462 seconds 
========================================================================
Received Import Request.
  Time since last request: 0.000047 seconds.
  path: Assets/Planet Icons/Sprites/Pluto.png
  artifactKey: Guid(7aabb1528803b4cfbaf6fb4217e6c63f) Importer(815301076,1909f56bfc062723c751e8b465ee728b)
Start importing Assets/Planet Icons/Sprites/Pluto.png using Guid(7aabb1528803b4cfbaf6fb4217e6c63f) Importer(815301076,1909f56bfc062723c751e8b465ee728b)  -> (artifact id: '34f55a26a83f37aaab2359938b0cad9f') in 0.096595 seconds 
